0 info it worked if it ends with ok
1 verbose cli [ 'C:\\nodejs\\node.exe',
1 verbose cli   'C:\\nodejs\\node_modules\\npm\\bin\\npm-cli.js',
1 verbose cli   'install' ]
2 info using npm@3.10.10
3 info using node@v6.11.4
4 silly loadCurrentTree Starting
5 silly install loadCurrentTree
6 silly install readLocalPackageData
7 silly install normalizeTree
8 silly loadCurrentTree Finishing
9 silly loadIdealTree Starting
10 silly install loadIdealTree
11 silly cloneCurrentTree Starting
12 silly install cloneCurrentTreeToIdealTree
13 silly cloneCurrentTree Finishing
14 silly loadShrinkwrap Starting
15 silly install loadShrinkwrap
16 silly loadShrinkwrap Finishing
17 silly loadAllDepsIntoIdealTree Starting
18 silly install loadAllDepsIntoIdealTree
19 silly fetchNamedPackageData @angular/common
20 silly mapToRegistry name @angular/common
21 silly mapToRegistry scope (from package name) @angular
22 verbose mapToRegistry no registry URL found in name for scope @angular
23 silly mapToRegistry using default registry
24 silly mapToRegistry registry https://registry.npmjs.org/
25 silly mapToRegistry data Result {
25 silly mapToRegistry   raw: '@angular/common',
25 silly mapToRegistry   scope: '@angular',
25 silly mapToRegistry   escapedName: '@angular%2fcommon',
25 silly mapToRegistry   name: '@angular/common',
25 silly mapToRegistry   rawSpec: '',
25 silly mapToRegistry   spec: 'latest',
25 silly mapToRegistry   type: 'tag' }
26 silly mapToRegistry uri https://registry.npmjs.org/@angular%2fcommon
27 silly fetchNamedPackageData @angular/compiler
28 silly mapToRegistry name @angular/compiler
29 silly mapToRegistry scope (from package name) @angular
30 verbose mapToRegistry no registry URL found in name for scope @angular
31 silly mapToRegistry using default registry
32 silly mapToRegistry registry https://registry.npmjs.org/
33 silly mapToRegistry data Result {
33 silly mapToRegistry   raw: '@angular/compiler',
33 silly mapToRegistry   scope: '@angular',
33 silly mapToRegistry   escapedName: '@angular%2fcompiler',
33 silly mapToRegistry   name: '@angular/compiler',
33 silly mapToRegistry   rawSpec: '',
33 silly mapToRegistry   spec: 'latest',
33 silly mapToRegistry   type: 'tag' }
34 silly mapToRegistry uri https://registry.npmjs.org/@angular%2fcompiler
35 silly fetchNamedPackageData @angular/core
36 silly mapToRegistry name @angular/core
37 silly mapToRegistry scope (from package name) @angular
38 verbose mapToRegistry no registry URL found in name for scope @angular
39 silly mapToRegistry using default registry
40 silly mapToRegistry registry https://registry.npmjs.org/
41 silly mapToRegistry data Result {
41 silly mapToRegistry   raw: '@angular/core',
41 silly mapToRegistry   scope: '@angular',
41 silly mapToRegistry   escapedName: '@angular%2fcore',
41 silly mapToRegistry   name: '@angular/core',
41 silly mapToRegistry   rawSpec: '',
41 silly mapToRegistry   spec: 'latest',
41 silly mapToRegistry   type: 'tag' }
42 silly mapToRegistry uri https://registry.npmjs.org/@angular%2fcore
43 silly fetchNamedPackageData @angular/forms
44 silly mapToRegistry name @angular/forms
45 silly mapToRegistry scope (from package name) @angular
46 verbose mapToRegistry no registry URL found in name for scope @angular
47 silly mapToRegistry using default registry
48 silly mapToRegistry registry https://registry.npmjs.org/
49 silly mapToRegistry data Result {
49 silly mapToRegistry   raw: '@angular/forms',
49 silly mapToRegistry   scope: '@angular',
49 silly mapToRegistry   escapedName: '@angular%2fforms',
49 silly mapToRegistry   name: '@angular/forms',
49 silly mapToRegistry   rawSpec: '',
49 silly mapToRegistry   spec: 'latest',
49 silly mapToRegistry   type: 'tag' }
50 silly mapToRegistry uri https://registry.npmjs.org/@angular%2fforms
51 silly fetchNamedPackageData @angular/http
52 silly mapToRegistry name @angular/http
53 silly mapToRegistry scope (from package name) @angular
54 verbose mapToRegistry no registry URL found in name for scope @angular
55 silly mapToRegistry using default registry
56 silly mapToRegistry registry https://registry.npmjs.org/
57 silly mapToRegistry data Result {
57 silly mapToRegistry   raw: '@angular/http',
57 silly mapToRegistry   scope: '@angular',
57 silly mapToRegistry   escapedName: '@angular%2fhttp',
57 silly mapToRegistry   name: '@angular/http',
57 silly mapToRegistry   rawSpec: '',
57 silly mapToRegistry   spec: 'latest',
57 silly mapToRegistry   type: 'tag' }
58 silly mapToRegistry uri https://registry.npmjs.org/@angular%2fhttp
59 silly fetchNamedPackageData @angular/platform-browser
60 silly mapToRegistry name @angular/platform-browser
61 silly mapToRegistry scope (from package name) @angular
62 verbose mapToRegistry no registry URL found in name for scope @angular
63 silly mapToRegistry using default registry
64 silly mapToRegistry registry https://registry.npmjs.org/
65 silly mapToRegistry data Result {
65 silly mapToRegistry   raw: '@angular/platform-browser',
65 silly mapToRegistry   scope: '@angular',
65 silly mapToRegistry   escapedName: '@angular%2fplatform-browser',
65 silly mapToRegistry   name: '@angular/platform-browser',
65 silly mapToRegistry   rawSpec: '',
65 silly mapToRegistry   spec: 'latest',
65 silly mapToRegistry   type: 'tag' }
66 silly mapToRegistry uri https://registry.npmjs.org/@angular%2fplatform-browser
67 silly fetchNamedPackageData @angular/platform-browser-dynamic
68 silly mapToRegistry name @angular/platform-browser-dynamic
69 silly mapToRegistry scope (from package name) @angular
70 verbose mapToRegistry no registry URL found in name for scope @angular
71 silly mapToRegistry using default registry
72 silly mapToRegistry registry https://registry.npmjs.org/
73 silly mapToRegistry data Result {
73 silly mapToRegistry   raw: '@angular/platform-browser-dynamic',
73 silly mapToRegistry   scope: '@angular',
73 silly mapToRegistry   escapedName: '@angular%2fplatform-browser-dynamic',
73 silly mapToRegistry   name: '@angular/platform-browser-dynamic',
73 silly mapToRegistry   rawSpec: '',
73 silly mapToRegistry   spec: 'latest',
73 silly mapToRegistry   type: 'tag' }
74 silly mapToRegistry uri https://registry.npmjs.org/@angular%2fplatform-browser-dynamic
75 silly fetchNamedPackageData @angular/router
76 silly mapToRegistry name @angular/router
77 silly mapToRegistry scope (from package name) @angular
78 verbose mapToRegistry no registry URL found in name for scope @angular
79 silly mapToRegistry using default registry
80 silly mapToRegistry registry https://registry.npmjs.org/
81 silly mapToRegistry data Result {
81 silly mapToRegistry   raw: '@angular/router',
81 silly mapToRegistry   scope: '@angular',
81 silly mapToRegistry   escapedName: '@angular%2frouter',
81 silly mapToRegistry   name: '@angular/router',
81 silly mapToRegistry   rawSpec: '',
81 silly mapToRegistry   spec: 'latest',
81 silly mapToRegistry   type: 'tag' }
82 silly mapToRegistry uri https://registry.npmjs.org/@angular%2frouter
83 silly fetchNamedPackageData @angular/upgrade
84 silly mapToRegistry name @angular/upgrade
85 silly mapToRegistry scope (from package name) @angular
86 verbose mapToRegistry no registry URL found in name for scope @angular
87 silly mapToRegistry using default registry
88 silly mapToRegistry registry https://registry.npmjs.org/
89 silly mapToRegistry data Result {
89 silly mapToRegistry   raw: '@angular/upgrade',
89 silly mapToRegistry   scope: '@angular',
89 silly mapToRegistry   escapedName: '@angular%2fupgrade',
89 silly mapToRegistry   name: '@angular/upgrade',
89 silly mapToRegistry   rawSpec: '',
89 silly mapToRegistry   spec: 'latest',
89 silly mapToRegistry   type: 'tag' }
90 silly mapToRegistry uri https://registry.npmjs.org/@angular%2fupgrade
91 silly fetchNamedPackageData angular-in-memory-web-api
92 silly mapToRegistry name angular-in-memory-web-api
93 silly mapToRegistry using default registry
94 silly mapToRegistry registry https://registry.npmjs.org/
95 silly mapToRegistry data Result {
95 silly mapToRegistry   raw: 'angular-in-memory-web-api',
95 silly mapToRegistry   scope: null,
95 silly mapToRegistry   escapedName: 'angular-in-memory-web-api',
95 silly mapToRegistry   name: 'angular-in-memory-web-api',
95 silly mapToRegistry   rawSpec: '',
95 silly mapToRegistry   spec: 'latest',
95 silly mapToRegistry   type: 'tag' }
96 silly mapToRegistry uri https://registry.npmjs.org/angular-in-memory-web-api
97 silly fetchNamedPackageData bootstrap
98 silly mapToRegistry name bootstrap
99 silly mapToRegistry using default registry
100 silly mapToRegistry registry https://registry.npmjs.org/
101 silly mapToRegistry data Result {
101 silly mapToRegistry   raw: 'bootstrap',
101 silly mapToRegistry   scope: null,
101 silly mapToRegistry   escapedName: 'bootstrap',
101 silly mapToRegistry   name: 'bootstrap',
101 silly mapToRegistry   rawSpec: '',
101 silly mapToRegistry   spec: 'latest',
101 silly mapToRegistry   type: 'tag' }
102 silly mapToRegistry uri https://registry.npmjs.org/bootstrap
103 silly fetchNamedPackageData core-js
104 silly mapToRegistry name core-js
105 silly mapToRegistry using default registry
106 silly mapToRegistry registry https://registry.npmjs.org/
107 silly mapToRegistry data Result {
107 silly mapToRegistry   raw: 'core-js',
107 silly mapToRegistry   scope: null,
107 silly mapToRegistry   escapedName: 'core-js',
107 silly mapToRegistry   name: 'core-js',
107 silly mapToRegistry   rawSpec: '',
107 silly mapToRegistry   spec: 'latest',
107 silly mapToRegistry   type: 'tag' }
108 silly mapToRegistry uri https://registry.npmjs.org/core-js
109 silly fetchNamedPackageData reflect-metadata
110 silly mapToRegistry name reflect-metadata
111 silly mapToRegistry using default registry
112 silly mapToRegistry registry https://registry.npmjs.org/
113 silly mapToRegistry data Result {
113 silly mapToRegistry   raw: 'reflect-metadata',
113 silly mapToRegistry   scope: null,
113 silly mapToRegistry   escapedName: 'reflect-metadata',
113 silly mapToRegistry   name: 'reflect-metadata',
113 silly mapToRegistry   rawSpec: '',
113 silly mapToRegistry   spec: 'latest',
113 silly mapToRegistry   type: 'tag' }
114 silly mapToRegistry uri https://registry.npmjs.org/reflect-metadata
115 silly fetchNamedPackageData rxjs
116 silly mapToRegistry name rxjs
117 silly mapToRegistry using default registry
118 silly mapToRegistry registry https://registry.npmjs.org/
119 silly mapToRegistry data Result {
119 silly mapToRegistry   raw: 'rxjs',
119 silly mapToRegistry   scope: null,
119 silly mapToRegistry   escapedName: 'rxjs',
119 silly mapToRegistry   name: 'rxjs',
119 silly mapToRegistry   rawSpec: '',
119 silly mapToRegistry   spec: 'latest',
119 silly mapToRegistry   type: 'tag' }
120 silly mapToRegistry uri https://registry.npmjs.org/rxjs
121 silly fetchNamedPackageData systemjs
122 silly mapToRegistry name systemjs
123 silly mapToRegistry using default registry
124 silly mapToRegistry registry https://registry.npmjs.org/
125 silly mapToRegistry data Result {
125 silly mapToRegistry   raw: 'systemjs',
125 silly mapToRegistry   scope: null,
125 silly mapToRegistry   escapedName: 'systemjs',
125 silly mapToRegistry   name: 'systemjs',
125 silly mapToRegistry   rawSpec: '',
125 silly mapToRegistry   spec: 'latest',
125 silly mapToRegistry   type: 'tag' }
126 silly mapToRegistry uri https://registry.npmjs.org/systemjs
127 silly fetchNamedPackageData zone.js
128 silly mapToRegistry name zone.js
129 silly mapToRegistry using default registry
130 silly mapToRegistry registry https://registry.npmjs.org/
131 silly mapToRegistry data Result {
131 silly mapToRegistry   raw: 'zone.js',
131 silly mapToRegistry   scope: null,
131 silly mapToRegistry   escapedName: 'zone.js',
131 silly mapToRegistry   name: 'zone.js',
131 silly mapToRegistry   rawSpec: '',
131 silly mapToRegistry   spec: 'latest',
131 silly mapToRegistry   type: 'tag' }
132 silly mapToRegistry uri https://registry.npmjs.org/zone.js
133 verbose request uri https://registry.npmjs.org/@angular%2fcommon
134 verbose request no auth needed
135 info attempt registry request try #1 at 5:32:13 PM
136 verbose request id d849d6ea0769d646
137 http request GET https://registry.npmjs.org/@angular%2fcommon
138 verbose request uri https://registry.npmjs.org/@angular%2fcompiler
139 verbose request no auth needed
140 info attempt registry request try #1 at 5:32:13 PM
141 http request GET https://registry.npmjs.org/@angular%2fcompiler
142 verbose request uri https://registry.npmjs.org/@angular%2fcore
143 verbose request no auth needed
144 info attempt registry request try #1 at 5:32:13 PM
145 http request GET https://registry.npmjs.org/@angular%2fcore
146 verbose request uri https://registry.npmjs.org/@angular%2fforms
147 verbose request no auth needed
148 info attempt registry request try #1 at 5:32:13 PM
149 http request GET https://registry.npmjs.org/@angular%2fforms
150 verbose request uri https://registry.npmjs.org/@angular%2fhttp
151 verbose request no auth needed
152 info attempt registry request try #1 at 5:32:13 PM
153 http request GET https://registry.npmjs.org/@angular%2fhttp
154 verbose request uri https://registry.npmjs.org/@angular%2fplatform-browser
155 verbose request no auth needed
156 info attempt registry request try #1 at 5:32:13 PM
157 http request GET https://registry.npmjs.org/@angular%2fplatform-browser
158 verbose request uri https://registry.npmjs.org/@angular%2fplatform-browser-dynamic
159 verbose request no auth needed
160 info attempt registry request try #1 at 5:32:13 PM
161 http request GET https://registry.npmjs.org/@angular%2fplatform-browser-dynamic
162 verbose request uri https://registry.npmjs.org/@angular%2frouter
163 verbose request no auth needed
164 info attempt registry request try #1 at 5:32:13 PM
165 http request GET https://registry.npmjs.org/@angular%2frouter
166 verbose request uri https://registry.npmjs.org/@angular%2fupgrade
167 verbose request no auth needed
168 info attempt registry request try #1 at 5:32:13 PM
169 http request GET https://registry.npmjs.org/@angular%2fupgrade
170 verbose request uri https://registry.npmjs.org/angular-in-memory-web-api
171 verbose request no auth needed
172 info attempt registry request try #1 at 5:32:13 PM
173 http request GET https://registry.npmjs.org/angular-in-memory-web-api
174 verbose request uri https://registry.npmjs.org/bootstrap
175 verbose request no auth needed
176 info attempt registry request try #1 at 5:32:13 PM
177 http request GET https://registry.npmjs.org/bootstrap
178 verbose request uri https://registry.npmjs.org/core-js
179 verbose request no auth needed
180 info attempt registry request try #1 at 5:32:13 PM
181 http request GET https://registry.npmjs.org/core-js
182 verbose request uri https://registry.npmjs.org/reflect-metadata
183 verbose request no auth needed
184 info attempt registry request try #1 at 5:32:13 PM
185 http request GET https://registry.npmjs.org/reflect-metadata
186 verbose request uri https://registry.npmjs.org/rxjs
187 verbose request no auth needed
188 info attempt registry request try #1 at 5:32:13 PM
189 http request GET https://registry.npmjs.org/rxjs
190 verbose request uri https://registry.npmjs.org/systemjs
191 verbose request no auth needed
192 info attempt registry request try #1 at 5:32:13 PM
193 http request GET https://registry.npmjs.org/systemjs
194 verbose request uri https://registry.npmjs.org/zone.js
195 verbose request no auth needed
196 info attempt registry request try #1 at 5:32:13 PM
197 http request GET https://registry.npmjs.org/zone.js
198 info retry will retry, error on last attempt: Error: connect ECONNREFUSED 151.101.112.162:443
199 info retry will retry, error on last attempt: Error: connect ECONNREFUSED 151.101.112.162:443
200 info retry will retry, error on last attempt: Error: connect ECONNREFUSED 151.101.112.162:443
201 info retry will retry, error on last attempt: Error: connect ECONNREFUSED 151.101.112.162:443
202 info retry will retry, error on last attempt: Error: connect ECONNREFUSED 151.101.112.162:443
203 info retry will retry, error on last attempt: Error: connect ECONNREFUSED 151.101.112.162:443
204 info retry will retry, error on last attempt: Error: connect ECONNREFUSED 151.101.112.162:443
205 info retry will retry, error on last attempt: Error: connect ECONNREFUSED 151.101.112.162:443
206 info retry will retry, error on last attempt: Error: connect ECONNREFUSED 151.101.112.162:443
207 info retry will retry, error on last attempt: Error: connect ECONNREFUSED 151.101.112.162:443
208 info retry will retry, error on last attempt: Error: connect ECONNREFUSED 151.101.112.162:443
209 info retry will retry, error on last attempt: Error: connect ECONNREFUSED 151.101.112.162:443
210 info retry will retry, error on last attempt: Error: connect ECONNREFUSED 151.101.112.162:443
211 info retry will retry, error on last attempt: Error: connect ECONNREFUSED 151.101.112.162:443
212 info retry will retry, error on last attempt: Error: connect ECONNREFUSED 151.101.112.162:443
213 info retry will retry, error on last attempt: Error: connect ECONNREFUSED 151.101.112.162:443
214 info attempt registry request try #2 at 5:32:24 PM
215 http request GET https://registry.npmjs.org/@angular%2fforms
216 info attempt registry request try #2 at 5:32:24 PM
217 http request GET https://registry.npmjs.org/@angular%2fupgrade
218 info attempt registry request try #2 at 5:32:24 PM
219 http request GET https://registry.npmjs.org/@angular%2fcore
220 info attempt registry request try #2 at 5:32:24 PM
221 http request GET https://registry.npmjs.org/zone.js
222 info attempt registry request try #2 at 5:32:24 PM
223 http request GET https://registry.npmjs.org/core-js
224 info attempt registry request try #2 at 5:32:24 PM
225 http request GET https://registry.npmjs.org/@angular%2fplatform-browser
226 info attempt registry request try #2 at 5:32:24 PM
227 http request GET https://registry.npmjs.org/@angular%2fhttp
228 info attempt registry request try #2 at 5:32:24 PM
229 http request GET https://registry.npmjs.org/systemjs
230 info attempt registry request try #2 at 5:32:24 PM
231 http request GET https://registry.npmjs.org/rxjs
232 info attempt registry request try #2 at 5:32:24 PM
233 http request GET https://registry.npmjs.org/@angular%2fcommon
234 info attempt registry request try #2 at 5:32:24 PM
235 http request GET https://registry.npmjs.org/@angular%2fcompiler
236 info attempt registry request try #2 at 5:32:24 PM
237 http request GET https://registry.npmjs.org/@angular%2fplatform-browser-dynamic
238 info attempt registry request try #2 at 5:32:24 PM
239 http request GET https://registry.npmjs.org/bootstrap
240 info attempt registry request try #2 at 5:32:24 PM
241 http request GET https://registry.npmjs.org/@angular%2frouter
242 info attempt registry request try #2 at 5:32:24 PM
243 http request GET https://registry.npmjs.org/reflect-metadata
244 info attempt registry request try #2 at 5:32:24 PM
245 http request GET https://registry.npmjs.org/angular-in-memory-web-api
246 info retry will retry, error on last attempt: Error: connect ECONNREFUSED 151.101.112.162:443
247 info retry will retry, error on last attempt: Error: connect ECONNREFUSED 151.101.112.162:443
248 info retry will retry, error on last attempt: Error: connect ECONNREFUSED 151.101.112.162:443
249 info retry will retry, error on last attempt: Error: connect ECONNREFUSED 151.101.112.162:443
250 info retry will retry, error on last attempt: Error: connect ECONNREFUSED 151.101.112.162:443
251 info retry will retry, error on last attempt: Error: connect ECONNREFUSED 151.101.112.162:443
252 info retry will retry, error on last attempt: Error: connect ECONNREFUSED 151.101.112.162:443
253 info retry will retry, error on last attempt: Error: connect ECONNREFUSED 151.101.112.162:443
254 info retry will retry, error on last attempt: Error: connect ECONNREFUSED 151.101.112.162:443
255 info retry will retry, error on last attempt: Error: connect ECONNREFUSED 151.101.112.162:443
256 info retry will retry, error on last attempt: Error: connect ECONNREFUSED 151.101.112.162:443
257 info retry will retry, error on last attempt: Error: connect ECONNREFUSED 151.101.112.162:443
258 info retry will retry, error on last attempt: Error: connect ECONNREFUSED 151.101.112.162:443
259 info retry will retry, error on last attempt: Error: connect ECONNREFUSED 151.101.112.162:443
260 info retry will retry, error on last attempt: Error: connect ECONNREFUSED 151.101.112.162:443
261 info retry will retry, error on last attempt: Error: connect ECONNREFUSED 151.101.112.162:443
262 info attempt registry request try #3 at 5:33:25 PM
263 http request GET https://registry.npmjs.org/@angular%2fforms
264 info attempt registry request try #3 at 5:33:25 PM
265 http request GET https://registry.npmjs.org/@angular%2fupgrade
266 info attempt registry request try #3 at 5:33:25 PM
267 http request GET https://registry.npmjs.org/rxjs
268 info attempt registry request try #3 at 5:33:25 PM
269 http request GET https://registry.npmjs.org/@angular%2fcommon
270 info attempt registry request try #3 at 5:33:25 PM
271 http request GET https://registry.npmjs.org/core-js
272 info attempt registry request try #3 at 5:33:25 PM
273 http request GET https://registry.npmjs.org/@angular%2fplatform-browser
274 info attempt registry request try #3 at 5:33:25 PM
275 http request GET https://registry.npmjs.org/bootstrap
276 info attempt registry request try #3 at 5:33:25 PM
277 http request GET https://registry.npmjs.org/@angular%2frouter
278 info attempt registry request try #3 at 5:33:25 PM
279 http request GET https://registry.npmjs.org/zone.js
280 info attempt registry request try #3 at 5:33:25 PM
281 http request GET https://registry.npmjs.org/@angular%2fcore
282 info attempt registry request try #3 at 5:33:25 PM
283 http request GET https://registry.npmjs.org/@angular%2fplatform-browser-dynamic
284 info attempt registry request try #3 at 5:33:25 PM
285 http request GET https://registry.npmjs.org/@angular%2fcompiler
286 info attempt registry request try #3 at 5:33:25 PM
287 http request GET https://registry.npmjs.org/@angular%2fhttp
288 info attempt registry request try #3 at 5:33:25 PM
289 http request GET https://registry.npmjs.org/systemjs
290 info attempt registry request try #3 at 5:33:25 PM
291 http request GET https://registry.npmjs.org/reflect-metadata
292 info attempt registry request try #3 at 5:33:25 PM
293 http request GET https://registry.npmjs.org/angular-in-memory-web-api
294 silly fetchPackageMetaData Error: connect ECONNREFUSED 151.101.112.162:443
294 silly fetchPackageMetaData     at Object.exports._errnoException (util.js:1020:11)
294 silly fetchPackageMetaData     at exports._exceptionWithHostPort (util.js:1043:20)
294 silly fetchPackageMetaData     at TCPConnectWrap.afterConnect [as oncomplete] (net.js:1090:14)
294 silly fetchPackageMetaData  error for @angular/upgrade@~2.1.0 { Error: connect ECONNREFUSED 151.101.112.162:443
294 silly fetchPackageMetaData     at Object.exports._errnoException (util.js:1020:11)
294 silly fetchPackageMetaData     at exports._exceptionWithHostPort (util.js:1043:20)
294 silly fetchPackageMetaData     at TCPConnectWrap.afterConnect [as oncomplete] (net.js:1090:14)
294 silly fetchPackageMetaData   code: 'ECONNREFUSED',
294 silly fetchPackageMetaData   errno: 'ECONNREFUSED',
294 silly fetchPackageMetaData   syscall: 'connect',
294 silly fetchPackageMetaData   address: '151.101.112.162',
294 silly fetchPackageMetaData   port: 443 }
295 silly fetchPackageMetaData Error: connect ECONNREFUSED 151.101.112.162:443
295 silly fetchPackageMetaData     at Object.exports._errnoException (util.js:1020:11)
295 silly fetchPackageMetaData     at exports._exceptionWithHostPort (util.js:1043:20)
295 silly fetchPackageMetaData     at TCPConnectWrap.afterConnect [as oncomplete] (net.js:1090:14)
295 silly fetchPackageMetaData  error for @angular/forms@~2.1.0 { Error: connect ECONNREFUSED 151.101.112.162:443
295 silly fetchPackageMetaData     at Object.exports._errnoException (util.js:1020:11)
295 silly fetchPackageMetaData     at exports._exceptionWithHostPort (util.js:1043:20)
295 silly fetchPackageMetaData     at TCPConnectWrap.afterConnect [as oncomplete] (net.js:1090:14)
295 silly fetchPackageMetaData   code: 'ECONNREFUSED',
295 silly fetchPackageMetaData   errno: 'ECONNREFUSED',
295 silly fetchPackageMetaData   syscall: 'connect',
295 silly fetchPackageMetaData   address: '151.101.112.162',
295 silly fetchPackageMetaData   port: 443 }
296 silly fetchPackageMetaData Error: connect ECONNREFUSED 151.101.112.162:443
296 silly fetchPackageMetaData     at Object.exports._errnoException (util.js:1020:11)
296 silly fetchPackageMetaData     at exports._exceptionWithHostPort (util.js:1043:20)
296 silly fetchPackageMetaData     at TCPConnectWrap.afterConnect [as oncomplete] (net.js:1090:14)
296 silly fetchPackageMetaData  error for @angular/common@~2.1.0 { Error: connect ECONNREFUSED 151.101.112.162:443
296 silly fetchPackageMetaData     at Object.exports._errnoException (util.js:1020:11)
296 silly fetchPackageMetaData     at exports._exceptionWithHostPort (util.js:1043:20)
296 silly fetchPackageMetaData     at TCPConnectWrap.afterConnect [as oncomplete] (net.js:1090:14)
296 silly fetchPackageMetaData   code: 'ECONNREFUSED',
296 silly fetchPackageMetaData   errno: 'ECONNREFUSED',
296 silly fetchPackageMetaData   syscall: 'connect',
296 silly fetchPackageMetaData   address: '151.101.112.162',
296 silly fetchPackageMetaData   port: 443 }
297 silly fetchPackageMetaData Error: connect ECONNREFUSED 151.101.112.162:443
297 silly fetchPackageMetaData     at Object.exports._errnoException (util.js:1020:11)
297 silly fetchPackageMetaData     at exports._exceptionWithHostPort (util.js:1043:20)
297 silly fetchPackageMetaData     at TCPConnectWrap.afterConnect [as oncomplete] (net.js:1090:14)
297 silly fetchPackageMetaData  error for rxjs@5.0.0-beta.12 { Error: connect ECONNREFUSED 151.101.112.162:443
297 silly fetchPackageMetaData     at Object.exports._errnoException (util.js:1020:11)
297 silly fetchPackageMetaData     at exports._exceptionWithHostPort (util.js:1043:20)
297 silly fetchPackageMetaData     at TCPConnectWrap.afterConnect [as oncomplete] (net.js:1090:14)
297 silly fetchPackageMetaData   code: 'ECONNREFUSED',
297 silly fetchPackageMetaData   errno: 'ECONNREFUSED',
297 silly fetchPackageMetaData   syscall: 'connect',
297 silly fetchPackageMetaData   address: '151.101.112.162',
297 silly fetchPackageMetaData   port: 443 }
298 silly fetchPackageMetaData Error: connect ECONNREFUSED 151.101.112.162:443
298 silly fetchPackageMetaData     at Object.exports._errnoException (util.js:1020:11)
298 silly fetchPackageMetaData     at exports._exceptionWithHostPort (util.js:1043:20)
298 silly fetchPackageMetaData     at TCPConnectWrap.afterConnect [as oncomplete] (net.js:1090:14)
298 silly fetchPackageMetaData  error for @angular/http@~2.1.0 { Error: connect ECONNREFUSED 151.101.112.162:443
298 silly fetchPackageMetaData     at Object.exports._errnoException (util.js:1020:11)
298 silly fetchPackageMetaData     at exports._exceptionWithHostPort (util.js:1043:20)
298 silly fetchPackageMetaData     at TCPConnectWrap.afterConnect [as oncomplete] (net.js:1090:14)
298 silly fetchPackageMetaData   code: 'ECONNREFUSED',
298 silly fetchPackageMetaData   errno: 'ECONNREFUSED',
298 silly fetchPackageMetaData   syscall: 'connect',
298 silly fetchPackageMetaData   address: '151.101.112.162',
298 silly fetchPackageMetaData   port: 443 }
299 silly fetchPackageMetaData Error: connect ECONNREFUSED 151.101.112.162:443
299 silly fetchPackageMetaData     at Object.exports._errnoException (util.js:1020:11)
299 silly fetchPackageMetaData     at exports._exceptionWithHostPort (util.js:1043:20)
299 silly fetchPackageMetaData     at TCPConnectWrap.afterConnect [as oncomplete] (net.js:1090:14)
299 silly fetchPackageMetaData  error for @angular/compiler@~2.1.0 { Error: connect ECONNREFUSED 151.101.112.162:443
299 silly fetchPackageMetaData     at Object.exports._errnoException (util.js:1020:11)
299 silly fetchPackageMetaData     at exports._exceptionWithHostPort (util.js:1043:20)
299 silly fetchPackageMetaData     at TCPConnectWrap.afterConnect [as oncomplete] (net.js:1090:14)
299 silly fetchPackageMetaData   code: 'ECONNREFUSED',
299 silly fetchPackageMetaData   errno: 'ECONNREFUSED',
299 silly fetchPackageMetaData   syscall: 'connect',
299 silly fetchPackageMetaData   address: '151.101.112.162',
299 silly fetchPackageMetaData   port: 443 }
300 silly fetchPackageMetaData Error: connect ECONNREFUSED 151.101.112.162:443
300 silly fetchPackageMetaData     at Object.exports._errnoException (util.js:1020:11)
300 silly fetchPackageMetaData     at exports._exceptionWithHostPort (util.js:1043:20)
300 silly fetchPackageMetaData     at TCPConnectWrap.afterConnect [as oncomplete] (net.js:1090:14)
300 silly fetchPackageMetaData  error for @angular/router@~3.1.0 { Error: connect ECONNREFUSED 151.101.112.162:443
300 silly fetchPackageMetaData     at Object.exports._errnoException (util.js:1020:11)
300 silly fetchPackageMetaData     at exports._exceptionWithHostPort (util.js:1043:20)
300 silly fetchPackageMetaData     at TCPConnectWrap.afterConnect [as oncomplete] (net.js:1090:14)
300 silly fetchPackageMetaData   code: 'ECONNREFUSED',
300 silly fetchPackageMetaData   errno: 'ECONNREFUSED',
300 silly fetchPackageMetaData   syscall: 'connect',
300 silly fetchPackageMetaData   address: '151.101.112.162',
300 silly fetchPackageMetaData   port: 443 }
301 silly fetchPackageMetaData Error: connect ECONNREFUSED 151.101.112.162:443
301 silly fetchPackageMetaData     at Object.exports._errnoException (util.js:1020:11)
301 silly fetchPackageMetaData     at exports._exceptionWithHostPort (util.js:1043:20)
301 silly fetchPackageMetaData     at TCPConnectWrap.afterConnect [as oncomplete] (net.js:1090:14)
301 silly fetchPackageMetaData  error for reflect-metadata@^0.1.8 { Error: connect ECONNREFUSED 151.101.112.162:443
301 silly fetchPackageMetaData     at Object.exports._errnoException (util.js:1020:11)
301 silly fetchPackageMetaData     at exports._exceptionWithHostPort (util.js:1043:20)
301 silly fetchPackageMetaData     at TCPConnectWrap.afterConnect [as oncomplete] (net.js:1090:14)
301 silly fetchPackageMetaData   code: 'ECONNREFUSED',
301 silly fetchPackageMetaData   errno: 'ECONNREFUSED',
301 silly fetchPackageMetaData   syscall: 'connect',
301 silly fetchPackageMetaData   address: '151.101.112.162',
301 silly fetchPackageMetaData   port: 443 }
302 silly fetchPackageMetaData Error: connect ECONNREFUSED 151.101.112.162:443
302 silly fetchPackageMetaData     at Object.exports._errnoException (util.js:1020:11)
302 silly fetchPackageMetaData     at exports._exceptionWithHostPort (util.js:1043:20)
302 silly fetchPackageMetaData     at TCPConnectWrap.afterConnect [as oncomplete] (net.js:1090:14)
302 silly fetchPackageMetaData  error for angular-in-memory-web-api@~0.1.5 { Error: connect ECONNREFUSED 151.101.112.162:443
302 silly fetchPackageMetaData     at Object.exports._errnoException (util.js:1020:11)
302 silly fetchPackageMetaData     at exports._exceptionWithHostPort (util.js:1043:20)
302 silly fetchPackageMetaData     at TCPConnectWrap.afterConnect [as oncomplete] (net.js:1090:14)
302 silly fetchPackageMetaData   code: 'ECONNREFUSED',
302 silly fetchPackageMetaData   errno: 'ECONNREFUSED',
302 silly fetchPackageMetaData   syscall: 'connect',
302 silly fetchPackageMetaData   address: '151.101.112.162',
302 silly fetchPackageMetaData   port: 443 }
303 silly fetchPackageMetaData Error: connect ECONNREFUSED 151.101.112.162:443
303 silly fetchPackageMetaData     at Object.exports._errnoException (util.js:1020:11)
303 silly fetchPackageMetaData     at exports._exceptionWithHostPort (util.js:1043:20)
303 silly fetchPackageMetaData     at TCPConnectWrap.afterConnect [as oncomplete] (net.js:1090:14)
303 silly fetchPackageMetaData  error for @angular/platform-browser@~2.1.0 { Error: connect ECONNREFUSED 151.101.112.162:443
303 silly fetchPackageMetaData     at Object.exports._errnoException (util.js:1020:11)
303 silly fetchPackageMetaData     at exports._exceptionWithHostPort (util.js:1043:20)
303 silly fetchPackageMetaData     at TCPConnectWrap.afterConnect [as oncomplete] (net.js:1090:14)
303 silly fetchPackageMetaData   code: 'ECONNREFUSED',
303 silly fetchPackageMetaData   errno: 'ECONNREFUSED',
303 silly fetchPackageMetaData   syscall: 'connect',
303 silly fetchPackageMetaData   address: '151.101.112.162',
303 silly fetchPackageMetaData   port: 443 }
304 silly fetchPackageMetaData Error: connect ECONNREFUSED 151.101.112.162:443
304 silly fetchPackageMetaData     at Object.exports._errnoException (util.js:1020:11)
304 silly fetchPackageMetaData     at exports._exceptionWithHostPort (util.js:1043:20)
304 silly fetchPackageMetaData     at TCPConnectWrap.afterConnect [as oncomplete] (net.js:1090:14)
304 silly fetchPackageMetaData  error for systemjs@0.19.39 { Error: connect ECONNREFUSED 151.101.112.162:443
304 silly fetchPackageMetaData     at Object.exports._errnoException (util.js:1020:11)
304 silly fetchPackageMetaData     at exports._exceptionWithHostPort (util.js:1043:20)
304 silly fetchPackageMetaData     at TCPConnectWrap.afterConnect [as oncomplete] (net.js:1090:14)
304 silly fetchPackageMetaData   code: 'ECONNREFUSED',
304 silly fetchPackageMetaData   errno: 'ECONNREFUSED',
304 silly fetchPackageMetaData   syscall: 'connect',
304 silly fetchPackageMetaData   address: '151.101.112.162',
304 silly fetchPackageMetaData   port: 443 }
305 silly fetchPackageMetaData Error: connect ECONNREFUSED 151.101.112.162:443
305 silly fetchPackageMetaData     at Object.exports._errnoException (util.js:1020:11)
305 silly fetchPackageMetaData     at exports._exceptionWithHostPort (util.js:1043:20)
305 silly fetchPackageMetaData     at TCPConnectWrap.afterConnect [as oncomplete] (net.js:1090:14)
305 silly fetchPackageMetaData  error for @angular/core@~2.1.0 { Error: connect ECONNREFUSED 151.101.112.162:443
305 silly fetchPackageMetaData     at Object.exports._errnoException (util.js:1020:11)
305 silly fetchPackageMetaData     at exports._exceptionWithHostPort (util.js:1043:20)
305 silly fetchPackageMetaData     at TCPConnectWrap.afterConnect [as oncomplete] (net.js:1090:14)
305 silly fetchPackageMetaData   code: 'ECONNREFUSED',
305 silly fetchPackageMetaData   errno: 'ECONNREFUSED',
305 silly fetchPackageMetaData   syscall: 'connect',
305 silly fetchPackageMetaData   address: '151.101.112.162',
305 silly fetchPackageMetaData   port: 443 }
306 silly fetchPackageMetaData Error: connect ECONNREFUSED 151.101.112.162:443
306 silly fetchPackageMetaData     at Object.exports._errnoException (util.js:1020:11)
306 silly fetchPackageMetaData     at exports._exceptionWithHostPort (util.js:1043:20)
306 silly fetchPackageMetaData     at TCPConnectWrap.afterConnect [as oncomplete] (net.js:1090:14)
306 silly fetchPackageMetaData  error for core-js@^2.4.1 { Error: connect ECONNREFUSED 151.101.112.162:443
306 silly fetchPackageMetaData     at Object.exports._errnoException (util.js:1020:11)
306 silly fetchPackageMetaData     at exports._exceptionWithHostPort (util.js:1043:20)
306 silly fetchPackageMetaData     at TCPConnectWrap.afterConnect [as oncomplete] (net.js:1090:14)
306 silly fetchPackageMetaData   code: 'ECONNREFUSED',
306 silly fetchPackageMetaData   errno: 'ECONNREFUSED',
306 silly fetchPackageMetaData   syscall: 'connect',
306 silly fetchPackageMetaData   address: '151.101.112.162',
306 silly fetchPackageMetaData   port: 443 }
307 silly fetchPackageMetaData Error: connect ECONNREFUSED 151.101.112.162:443
307 silly fetchPackageMetaData     at Object.exports._errnoException (util.js:1020:11)
307 silly fetchPackageMetaData     at exports._exceptionWithHostPort (util.js:1043:20)
307 silly fetchPackageMetaData     at TCPConnectWrap.afterConnect [as oncomplete] (net.js:1090:14)
307 silly fetchPackageMetaData  error for zone.js@^0.6.25 { Error: connect ECONNREFUSED 151.101.112.162:443
307 silly fetchPackageMetaData     at Object.exports._errnoException (util.js:1020:11)
307 silly fetchPackageMetaData     at exports._exceptionWithHostPort (util.js:1043:20)
307 silly fetchPackageMetaData     at TCPConnectWrap.afterConnect [as oncomplete] (net.js:1090:14)
307 silly fetchPackageMetaData   code: 'ECONNREFUSED',
307 silly fetchPackageMetaData   errno: 'ECONNREFUSED',
307 silly fetchPackageMetaData   syscall: 'connect',
307 silly fetchPackageMetaData   address: '151.101.112.162',
307 silly fetchPackageMetaData   port: 443 }
308 silly fetchPackageMetaData Error: connect ECONNREFUSED 151.101.112.162:443
308 silly fetchPackageMetaData     at Object.exports._errnoException (util.js:1020:11)
308 silly fetchPackageMetaData     at exports._exceptionWithHostPort (util.js:1043:20)
308 silly fetchPackageMetaData     at TCPConnectWrap.afterConnect [as oncomplete] (net.js:1090:14)
308 silly fetchPackageMetaData  error for bootstrap@^3.3.7 { Error: connect ECONNREFUSED 151.101.112.162:443
308 silly fetchPackageMetaData     at Object.exports._errnoException (util.js:1020:11)
308 silly fetchPackageMetaData     at exports._exceptionWithHostPort (util.js:1043:20)
308 silly fetchPackageMetaData     at TCPConnectWrap.afterConnect [as oncomplete] (net.js:1090:14)
308 silly fetchPackageMetaData   code: 'ECONNREFUSED',
308 silly fetchPackageMetaData   errno: 'ECONNREFUSED',
308 silly fetchPackageMetaData   syscall: 'connect',
308 silly fetchPackageMetaData   address: '151.101.112.162',
308 silly fetchPackageMetaData   port: 443 }
309 silly fetchPackageMetaData Error: connect ECONNREFUSED 151.101.112.162:443
309 silly fetchPackageMetaData     at Object.exports._errnoException (util.js:1020:11)
309 silly fetchPackageMetaData     at exports._exceptionWithHostPort (util.js:1043:20)
309 silly fetchPackageMetaData     at TCPConnectWrap.afterConnect [as oncomplete] (net.js:1090:14)
309 silly fetchPackageMetaData  error for @angular/platform-browser-dynamic@~2.1.0 { Error: connect ECONNREFUSED 151.101.112.162:443
309 silly fetchPackageMetaData     at Object.exports._errnoException (util.js:1020:11)
309 silly fetchPackageMetaData     at exports._exceptionWithHostPort (util.js:1043:20)
309 silly fetchPackageMetaData     at TCPConnectWrap.afterConnect [as oncomplete] (net.js:1090:14)
309 silly fetchPackageMetaData   code: 'ECONNREFUSED',
309 silly fetchPackageMetaData   errno: 'ECONNREFUSED',
309 silly fetchPackageMetaData   syscall: 'connect',
309 silly fetchPackageMetaData   address: '151.101.112.162',
309 silly fetchPackageMetaData   port: 443 }
310 silly rollbackFailedOptional Starting
311 silly rollbackFailedOptional Finishing
312 silly runTopLevelLifecycles Finishing
313 silly install printInstalled
314 verbose stack Error: connect ECONNREFUSED 151.101.112.162:443
314 verbose stack     at Object.exports._errnoException (util.js:1020:11)
314 verbose stack     at exports._exceptionWithHostPort (util.js:1043:20)
314 verbose stack     at TCPConnectWrap.afterConnect [as oncomplete] (net.js:1090:14)
315 verbose cwd C:\inetpub\wwwroot\test2
316 error Windows_NT 10.0.14393
317 error argv "C:\\nodejs\\node.exe" "C:\\nodejs\\node_modules\\npm\\bin\\npm-cli.js" "install"
318 error node v6.11.4
319 error npm  v3.10.10
320 error code ECONNREFUSED
321 error errno ECONNREFUSED
322 error syscall connect
323 error Error: connect ECONNREFUSED 151.101.112.162:443
323 error     at Object.exports._errnoException (util.js:1020:11)
323 error     at exports._exceptionWithHostPort (util.js:1043:20)
323 error     at TCPConnectWrap.afterConnect [as oncomplete] (net.js:1090:14)
323 error  { Error: connect ECONNREFUSED 151.101.112.162:443
323 error     at Object.exports._errnoException (util.js:1020:11)
323 error     at exports._exceptionWithHostPort (util.js:1043:20)
323 error     at TCPConnectWrap.afterConnect [as oncomplete] (net.js:1090:14)
323 error   code: 'ECONNREFUSED',
323 error   errno: 'ECONNREFUSED',
323 error   syscall: 'connect',
323 error   address: '151.101.112.162',
323 error   port: 443,
323 error   parent: 'angular-quickstart' }
324 error If you are behind a proxy, please make sure that the
324 error 'proxy' config is set properly.  See: 'npm help config'
325 verbose exit [ 1, true ]
